<?xml version="1.0" encoding="UTF-8"?>
<!-- Generated by org.testng.reporters.JUnitReportReporter -->
<testsuite hostname="DESKTOP-0L4H45H" failures="0" tests="4" name="api.test.UserTests1" time="5.725" errors="0" timestamp="2024-06-08T16:42:10 IST" skipped="0">
  <testcase classname="api.test.UserTests1" name="testPostUser" time="1.161"/>
  <system-out/>
  <testcase classname="api.test.UserTests1" name="testGetUser" time="1.140"/>
  <system-out/>
  <testcase classname="api.test.UserTests1" name="testPutUser" time="2.322"/>
  <system-out/>
  <testcase classname="api.test.UserTests1" name="testDeleteUser" time="1.102"/>
  <system-out/>
</testsuite> <!-- api.test.UserTests1 -->
