<?xml version="1.0" encoding="UTF-8"?>
<!-- Generated by org.testng.reporters.JUnitReportReporter -->
<testsuite hostname="DESKTOP-0L4H45H" failures="0" tests="4" name="api.test.UserTests" time="13.375" errors="0" timestamp="2024-06-08T16:42:10 IST" skipped="0">
  <testcase classname="api.test.UserTests" name="testPostUser" time="8.786"/>
  <system-out/>
  <testcase classname="api.test.UserTests" name="testGetUser" time="1.133"/>
  <system-out/>
  <testcase classname="api.test.UserTests" name="testPutUser" time="2.309"/>
  <system-out/>
  <testcase classname="api.test.UserTests" name="testDeleteUser" time="1.147"/>
  <system-out/>
</testsuite> <!-- api.test.UserTests -->
