<?xml version="1.0" encoding="UTF-8"?>
<!-- Generated by org.testng.reporters.JUnitReportReporter -->
<testsuite hostname="DESKTOP-0L4H45H" failures="0" tests="8" name="api.test.DDTests" time="12.340" errors="0" timestamp="2024-06-08T03:53:55 IST" skipped="0">
  <testcase classname="api.test.DDTests" name="testPostMultiUser" time="4.277"/>
  <system-out/>
  <testcase classname="api.test.DDTests" name="testPostMultiUser" time="1.174"/>
  <system-out/>
  <testcase classname="api.test.DDTests" name="testPostMultiUser" time="1.088"/>
  <system-out/>
  <testcase classname="api.test.DDTests" name="testPostMultiUser" time="1.127"/>
  <system-out/>
  <testcase classname="api.test.DDTests" name="testDeleteMultiUser" time="1.173"/>
  <system-out/>
  <testcase classname="api.test.DDTests" name="testDeleteMultiUser" time="1.239"/>
  <system-out/>
  <testcase classname="api.test.DDTests" name="testDeleteMultiUser" time="1.174"/>
  <system-out/>
  <testcase classname="api.test.DDTests" name="testDeleteMultiUser" time="1.088"/>
  <system-out/>
</testsuite> <!-- api.test.DDTests -->
