<?xml version="1.0" encoding="UTF-8"?>
<!-- Generated by org.testng.reporters.JUnitReportReporter -->
<testsuite hostname="DESKTOP-0L4H45H" failures="0" tests="4" name="api.test.UserTests" time="9.018" errors="0" timestamp="2024-06-11T01:06:20 IST" skipped="0">
  <testcase classname="api.test.UserTests" name="testPostUser" time="4.321"/>
  <system-out/>
  <testcase classname="api.test.UserTests" name="testGetUser" time="1.268"/>
  <system-out/>
  <testcase classname="api.test.UserTests" name="testPutUser" time="2.279"/>
  <system-out/>
  <testcase classname="api.test.UserTests" name="testDeleteUser" time="1.150"/>
  <system-out/>
</testsuite> <!-- api.test.UserTests -->
