<?xml version="1.0" encoding="UTF-8"?>
<!-- Generated by org.testng.reporters.JUnitReportReporter -->
<testsuite hostname="DESKTOP-0L4H45H" failures="0" tests="4" name="api.test.UserTests1" time="5.777" errors="0" timestamp="2024-06-11T01:06:20 IST" skipped="0">
  <testcase classname="api.test.UserTests1" name="testPostUser" time="1.222"/>
  <system-out/>
  <testcase classname="api.test.UserTests1" name="testGetUser" time="1.141"/>
  <system-out/>
  <testcase classname="api.test.UserTests1" name="testPutUser" time="2.359"/>
  <system-out/>
  <testcase classname="api.test.UserTests1" name="testDeleteUser" time="1.055"/>
  <system-out/>
</testsuite> <!-- api.test.UserTests1 -->
